<?xml version="1.0" encoding="UTF-8"?>
<!-- Generated by org.testng.reporters.JUnitXMLReporter -->
<testsuite hostname="probs-165" ignored="10" name="Test(failed)" tests="2" failures="1" timestamp="11 Nov 2019 10:29:06 GMT" time="70.824" errors="0">
  <testcase name="TC8_verify_NoMatchingRecords" time="23.169" classname="com.protech.nvkids.testcases.bstl.BatchStatusLogsTestcase">
    <failure type="java.lang.AssertionError" message="The expected text contains the actual Not Matching Records Found">
      <![CDATA[java.lang.AssertionError: The expected text contains the actual Not Matching Records Found
	at org.junit.Assert.fail(Assert.java:88)
	at com.protech.selenium.api.base.SeleniumBase.verifyPartialText(SeleniumBase.java:1558)
	at com.protech.nvkids.pages.bstl.BatchStatusLogsPage.verifyNoMatchRecords(BatchStatusLogsPage.java:276)
	at com.protech.nvkids.testcases.bstl.BatchStatusLogsTestcase.TC8_verify_NoMatchingRecords(BatchStatusLogsTestcase.java:116)
... Removed 25 stack frames]]>
    </failure>
  </testcase> <!-- TC8_verify_NoMatchingRecords -->
  <testcase name="TC9_verify_SuccesfulInquiry" time="23.947" classname="com.protech.nvkids.testcases.bstl.BatchStatusLogsTestcase"/>
  <testcase name="TC23_verify_VerifySuccessfulInquiry" time="0.0" classname="com.protech.nvkids.testcases.bstl.PrintQueueErrorsTestcase">
    <ignored/>
  </testcase> <!-- TC23_verify_VerifySuccessfulInquiry -->
  <testcase name="@AfterSuite stopReport" time="0.0" classname="utils.Reporter">
    <ignored/>
  </testcase> <!-- @AfterSuite stopReport -->
  <testcase name="@AfterSuite stopReport" time="0.0" classname="utils.Reporter">
    <ignored/>
  </testcase> <!-- @AfterSuite stopReport -->
  <testcase name="TC22_verify_NoMatchingRecords" time="0.0" classname="com.protech.nvkids.testcases.bstl.PrintQueueErrorsTestcase">
    <ignored/>
  </testcase> <!-- TC22_verify_NoMatchingRecords -->
  <testcase name="TC15_verify_SuccessfulInquiry" time="0.0" classname="com.protech.nvkids.testcases.bstl.BatchErrorsTestcase">
    <ignored/>
  </testcase> <!-- TC15_verify_SuccessfulInquiry -->
  <testcase name="@BeforeTest Deleteimages" time="0.0" classname="utils.Reporter">
    <ignored/>
  </testcase> <!-- @BeforeTest Deleteimages -->
  <testcase name="@BeforeTest Deleteimages" time="0.0" classname="utils.Reporter">
    <ignored/>
  </testcase> <!-- @BeforeTest Deleteimages -->
  <testcase name="TC14_verify_NoMatchingRecords" time="0.0" classname="com.protech.nvkids.testcases.bstl.BatchErrorsTestcase">
    <ignored/>
  </testcase> <!-- TC14_verify_NoMatchingRecords -->
  <testcase name="@BeforeSuite startReport" time="0.0" classname="utils.Reporter">
    <ignored/>
  </testcase> <!-- @BeforeSuite startReport -->
  <testcase name="@BeforeSuite startReport" time="0.0" classname="utils.Reporter">
    <ignored/>
  </testcase> <!-- @BeforeSuite startReport -->
</testsuite> <!-- Test(failed) -->
