<?xml version="1.0" encoding="UTF-8"?>
<!-- Generated by org.testng.reporters.JUnitXMLReporter -->
<testsuite hostname="ProIIDWS-01" ignored="0" name="Default test" tests="2" failures="0" timestamp="04 Sep 2019 09:48:38 GMT" time="48.316" errors="0">
  <testcase name="VerifyLogin" time="5.338" classname="com.protech.nvkids.testcases.BSTL_Testscript"/>
  <testcase name="verifyCURSORfocus_SET" time="25.283" classname="com.protech.nvkids.testcases.BSTL_Testscript"/>
</testsuite> <!-- Default test -->
