<?xml version="1.0" encoding="UTF-8"?>
<!-- Generated by org.testng.reporters.JUnitXMLReporter -->
<testsuite hostname="ProIIDWS-01" ignored="0" name="Test" tests="7" failures="0" timestamp="30 Aug 2019 13:24:28 GMT" time="65.838" errors="0">
  <testcase name="Test_LaunchURL" time="5.304" classname="com.protech.nvkids.testcases.ASelbaseTest"/>
  <testcase name="Test_Click_Functionality" time="10.73" classname="com.protech.nvkids.testcases.ASelbaseTest"/>
  <testcase name="Test_Clear_Functionality" time="10.741" classname="com.protech.nvkids.testcases.ASelbaseTest"/>
  <testcase name="Test_Selectdorpdownvalue_usingText" time="6.425" classname="com.protech.nvkids.testcases.ASelbaseTest"/>
  <testcase name="Test_Selectdorpdownvalue_usingIndex" time="7.673" classname="com.protech.nvkids.testcases.ASelbaseTest"/>
  <testcase name="Test_Selectdorpdownvalue_using_value" time="6.727" classname="com.protech.nvkids.testcases.ASelbaseTest"/>
  <testcase name="Test_VerifySwitchTO_AlertWindow" time="12.894" classname="com.protech.nvkids.testcases.ASelbaseTest"/>
</testsuite> <!-- Test -->
