<?xml version="1.0" encoding="UTF-8"?>
<testng-results skipped="0" failed="0" ignored="0" total="7" passed="7">
  <reporter-output>
  </reporter-output>
  <suite name="Suite" duration-ms="65838" started-at="2019-08-30T13:23:23Z" finished-at="2019-08-30T13:24:28Z">
    <groups>
    </groups>
    <test name="Test" duration-ms="65838" started-at="2019-08-30T13:23:23Z" finished-at="2019-08-30T13:24:28Z">
      <class name="com.protech.nvkids.testcases.ASelbaseTest">
        <test-method status="PASS" signature="startReport()[pri:0, instance:com.protech.nvkids.testcases.ASelbaseTest@1786dec2]" name="startReport" is-config="true" duration-ms="138" started-at="2019-08-30T13:23:22Z" finished-at="2019-08-30T13:23:23Z">
          <reporter-output>
          </reporter-output>
        </test-method> <!-- startReport -->
        <test-method status="PASS" signature="Deleteimages()[pri:0, instance:com.protech.nvkids.testcases.ASelbaseTest@1786dec2]" name="Deleteimages" is-config="true" duration-ms="1" started-at="2019-08-30T13:23:23Z" finished-at="2019-08-30T13:23:23Z">
          <reporter-output>
          </reporter-output>
        </test-method> <!-- Deleteimages -->
        <test-method status="PASS" signature="Test_LaunchURL()[pri:1, instance:com.protech.nvkids.testcases.ASelbaseTest@1786dec2]" name="Test_LaunchURL" duration-ms="5304" started-at="2019-08-30T13:23:23Z" finished-at="2019-08-30T13:23:28Z">
          <reporter-output>
          </reporter-output>
        </test-method> <!-- Test_LaunchURL -->
        <test-method status="PASS" signature="afterMethod()[pri:0, instance:com.protech.nvkids.testcases.ASelbaseTest@1786dec2]" name="afterMethod" is-config="true" duration-ms="2323" started-at="2019-08-30T13:23:28Z" finished-at="2019-08-30T13:23:30Z">
          <reporter-output>
          </reporter-output>
        </test-method> <!-- afterMethod -->
        <test-method status="PASS" signature="Test_Click_Functionality()[pri:2, instance:com.protech.nvkids.testcases.ASelbaseTest@1786dec2]" name="Test_Click_Functionality" duration-ms="10730" started-at="2019-08-30T13:23:30Z" finished-at="2019-08-30T13:23:41Z">
          <reporter-output>
          </reporter-output>
        </test-method> <!-- Test_Click_Functionality -->
        <test-method status="PASS" signature="afterMethod()[pri:0, instance:com.protech.nvkids.testcases.ASelbaseTest@1786dec2]" name="afterMethod" is-config="true" duration-ms="106" started-at="2019-08-30T13:23:41Z" finished-at="2019-08-30T13:23:41Z">
          <reporter-output>
          </reporter-output>
        </test-method> <!-- afterMethod -->
        <test-method status="PASS" signature="Test_Clear_Functionality()[pri:3, instance:com.protech.nvkids.testcases.ASelbaseTest@1786dec2]" name="Test_Clear_Functionality" duration-ms="10741" started-at="2019-08-30T13:23:41Z" finished-at="2019-08-30T13:23:52Z">
          <reporter-output>
          </reporter-output>
        </test-method> <!-- Test_Clear_Functionality -->
        <test-method status="PASS" signature="afterMethod()[pri:0, instance:com.protech.nvkids.testcases.ASelbaseTest@1786dec2]" name="afterMethod" is-config="true" duration-ms="88" started-at="2019-08-30T13:23:52Z" finished-at="2019-08-30T13:23:52Z">
          <reporter-output>
          </reporter-output>
        </test-method> <!-- afterMethod -->
        <test-method status="PASS" signature="Test_Selectdorpdownvalue_usingText()[pri:4, instance:com.protech.nvkids.testcases.ASelbaseTest@1786dec2]" name="Test_Selectdorpdownvalue_usingText" duration-ms="6425" started-at="2019-08-30T13:23:52Z" finished-at="2019-08-30T13:23:58Z">
          <reporter-output>
          </reporter-output>
        </test-method> <!-- Test_Selectdorpdownvalue_usingText -->
        <test-method status="PASS" signature="afterMethod()[pri:0, instance:com.protech.nvkids.testcases.ASelbaseTest@1786dec2]" name="afterMethod" is-config="true" duration-ms="82" started-at="2019-08-30T13:23:58Z" finished-at="2019-08-30T13:23:58Z">
          <reporter-output>
          </reporter-output>
        </test-method> <!-- afterMethod -->
        <test-method status="PASS" signature="Test_Selectdorpdownvalue_usingIndex()[pri:5, instance:com.protech.nvkids.testcases.ASelbaseTest@1786dec2]" name="Test_Selectdorpdownvalue_usingIndex" duration-ms="7673" started-at="2019-08-30T13:23:58Z" finished-at="2019-08-30T13:24:06Z">
          <reporter-output>
          </reporter-output>
        </test-method> <!-- Test_Selectdorpdownvalue_usingIndex -->
        <test-method status="PASS" signature="afterMethod()[pri:0, instance:com.protech.nvkids.testcases.ASelbaseTest@1786dec2]" name="afterMethod" is-config="true" duration-ms="2544" started-at="2019-08-30T13:24:06Z" finished-at="2019-08-30T13:24:09Z">
          <reporter-output>
          </reporter-output>
        </test-method> <!-- afterMethod -->
        <test-method status="PASS" signature="Test_Selectdorpdownvalue_using_value()[pri:6, instance:com.protech.nvkids.testcases.ASelbaseTest@1786dec2]" name="Test_Selectdorpdownvalue_using_value" duration-ms="6727" started-at="2019-08-30T13:24:09Z" finished-at="2019-08-30T13:24:15Z">
          <reporter-output>
          </reporter-output>
        </test-method> <!-- Test_Selectdorpdownvalue_using_value -->
        <test-method status="PASS" signature="afterMethod()[pri:0, instance:com.protech.nvkids.testcases.ASelbaseTest@1786dec2]" name="afterMethod" is-config="true" duration-ms="87" started-at="2019-08-30T13:24:15Z" finished-at="2019-08-30T13:24:15Z">
          <reporter-output>
          </reporter-output>
        </test-method> <!-- afterMethod -->
        <test-method status="PASS" signature="Test_VerifySwitchTO_AlertWindow()[pri:7, instance:com.protech.nvkids.testcases.ASelbaseTest@1786dec2]" name="Test_VerifySwitchTO_AlertWindow" duration-ms="12894" started-at="2019-08-30T13:24:15Z" finished-at="2019-08-30T13:24:28Z">
          <reporter-output>
          </reporter-output>
        </test-method> <!-- Test_VerifySwitchTO_AlertWindow -->
        <test-method status="PASS" signature="afterMethod()[pri:0, instance:com.protech.nvkids.testcases.ASelbaseTest@1786dec2]" name="afterMethod" is-config="true" duration-ms="89" started-at="2019-08-30T13:24:28Z" finished-at="2019-08-30T13:24:28Z">
          <reporter-output>
          </reporter-output>
        </test-method> <!-- afterMethod -->
        <test-method status="PASS" signature="stopReport()[pri:0, instance:com.protech.nvkids.testcases.ASelbaseTest@1786dec2]" name="stopReport" is-config="true" duration-ms="281" started-at="2019-08-30T13:24:28Z" finished-at="2019-08-30T13:24:29Z">
          <reporter-output>
          </reporter-output>
        </test-method> <!-- stopReport -->
      </class> <!-- com.protech.nvkids.testcases.ASelbaseTest -->
    </test> <!-- Test -->
  </suite> <!-- Suite -->
</testng-results>
