<?xml version="1.0" encoding="UTF-8"?>
<!-- Generated by org.testng.reporters.JUnitReportReporter -->
<testsuite name="com.protech.nvkids.testcases.bstl.PrintQueueErrorsTestcase" tests="2" time="76.633" ignored="6" failures="0" timestamp="11 Nov 2019 11:40:07 GMT" skipped="0" hostname="probs-165" errors="0">
  <testcase name="TC22_verify_NoMatchingRecords" time="39.801" classname="com.protech.nvkids.testcases.bstl.PrintQueueErrorsTestcase"/>
  <testcase name="TC23_verify_VerifySuccessfulInquiry" time="36.832" classname="com.protech.nvkids.testcases.bstl.PrintQueueErrorsTestcase"/>
  <testcase name="stopReport" classname="utils.Reporter">
    <skipped/>
  </testcase> <!-- stopReport -->
  <testcase name="stopReport" classname="utils.Reporter">
    <skipped/>
  </testcase> <!-- stopReport -->
  <testcase name="Deleteimages" classname="utils.Reporter">
    <skipped/>
  </testcase> <!-- Deleteimages -->
  <testcase name="Deleteimages" classname="utils.Reporter">
    <skipped/>
  </testcase> <!-- Deleteimages -->
  <testcase name="startReport" classname="utils.Reporter">
    <skipped/>
  </testcase> <!-- startReport -->
  <testcase name="startReport" classname="utils.Reporter">
    <skipped/>
  </testcase> <!-- startReport -->
</testsuite> <!-- com.protech.nvkids.testcases.bstl.PrintQueueErrorsTestcase -->
